<?xml version="1.0" encoding="UTF-8"?>
<testsuite name="co.udea.regact.api.CursoServiceImpTest" time="0.254" tests="1" errors="1" skipped="0" failures="0">
  <properties>
[...]
</properties>
  <testcase name="debeRetornoUnCursoPorSuCodigoExistosamente" classname="co.udea.regact.api.CursoServiceImpTest" time="0.254">
    <error message="No value present" type="java.util.NoSuchElementException">java.util.NoSuchElementException: No value present
	at java.util.Optional.get(Optional.java:135)
	at co.udea.regact.api.CursoServiceImpTest.debeRetornoUnCursoPorSuCodigoExistosamente(CursoServiceImpTest.java:48)
</error>
    <system-out><![CDATA[00:53:05.889 [main] DEBUG org.springframework.test.context.junit4.SpringJUnit4ClassRunner - SpringJUnit4ClassRunner constructor called with [class co.udea.regact.api.CursoServiceImpTest]
00:53:05.898 [main] DEBUG org.springframework.test.context.BootstrapUtils - Instantiating CacheAwareContextLoaderDelegate from class [org.springframework.test.context.cache.DefaultCacheAwareContextLoaderDelegate]
00:53:05.921 [main] DEBUG org.springframework.test.context.BootstrapUtils - Instantiating BootstrapContext using constructor [public org.springframework.test.context.support.DefaultBootstrapContext(java.lang.Class,org.springframework.test.context.CacheAwareContextLoaderDelegate)]
00:53:05.946 [main] DEBUG org.springframework.test.context.BootstrapUtils - Instantiating TestContextBootstrapper for test class [co.udea.regact.api.CursoServiceImpTest] from class [org.springframework.boot.test.context.SpringBootTestContextBootstrapper]
00:53:05.964 [main] INFO org.springframework.boot.test.context.SpringBootTestContextBootstrapper - Neither @ContextConfiguration nor @ContextHierarchy found for test class [co.udea.regact.api.CursoServiceImpTest], using SpringBootContextLoader
00:53:05.972 [main] DEBUG org.springframework.test.context.support.AbstractContextLoader - Did not detect default resource location for test class [co.udea.regact.api.CursoServiceImpTest]: class path resource [co/udea/regact/api/CursoServiceImpTest-context.xml] does not exist
00:53:05.973 [main] DEBUG org.springframework.test.context.support.AbstractContextLoader - Did not detect default resource location for test class [co.udea.regact.api.CursoServiceImpTest]: class path resource [co/udea/regact/api/CursoServiceImpTestContext.groovy] does not exist
00:53:05.973 [main] INFO org.springframework.test.context.support.AbstractContextLoader - Could not detect default resource locations for test class [co.udea.regact.api.CursoServiceImpTest]: no resource found for suffixes {-context.xml, Context.groovy}.
00:53:06.080 [main] DEBUG org.springframework.boot.test.context.SpringBootTestContextBootstrapper - @TestExecutionListeners is not present for class [co.udea.regact.api.CursoServiceImpTest]: using defaults.
00:53:06.086 [main] INFO org.springframework.boot.test.context.SpringBootTestContextBootstrapper - Loaded default TestExecutionListener class names from location [META-INF/spring.factories]: [org.springframework.boot.test.mock.mockito.MockitoTestExecutionListener, org.springframework.boot.test.mock.mockito.ResetMocksTestExecutionListener, org.springframework.boot.test.autoconfigure.restdocs.RestDocsTestExecutionListener, org.springframework.boot.test.autoconfigure.web.client.MockRestServiceServerResetTestExecutionListener, org.springframework.boot.test.autoconfigure.web.servlet.MockMvcPrintOnlyOnFailureTestExecutionListener, org.springframework.boot.test.autoconfigure.web.servlet.WebDriverTestExecutionListener, org.springframework.test.context.web.ServletTestExecutionListener, org.springframework.test.context.support.DirtiesContextBeforeModesTestExecutionListener, org.springframework.test.context.support.DependencyInjectionTestExecutionListener, org.springframework.test.context.support.DirtiesContextTestExecutionListener, org.springframework.test.context.transaction.TransactionalTestExecutionListener, org.springframework.test.context.jdbc.SqlScriptsTestExecutionListener]
00:53:06.111 [main] INFO org.springframework.boot.test.context.SpringBootTestContextBootstrapper - Using TestExecutionListeners: [org.springframework.test.context.web.ServletTestExecutionListener@1e4a7dd4, org.springframework.test.context.support.DirtiesContextBeforeModesTestExecutionListener@4f51b3e0, org.springframework.boot.test.autoconfigure.SpringBootDependencyInjectionTestExecutionListener@4b9e255, org.springframework.test.context.support.DirtiesContextTestExecutionListener@5e57643e, org.springframework.test.context.transaction.TransactionalTestExecutionListener@133e16fd, org.springframework.test.context.jdbc.SqlScriptsTestExecutionListener@51b279c9, org.springframework.boot.test.autoconfigure.restdocs.RestDocsTestExecutionListener@1ad282e0, org.springframework.boot.test.autoconfigure.web.servlet.MockMvcPrintOnlyOnFailureTestExecutionListener@7f416310, org.springframework.boot.test.autoconfigure.web.client.MockRestServiceServerResetTestExecutionListener@1cab0bfb, org.springframework.boot.test.autoconfigure.web.servlet.WebDriverTestExecutionListener@5e955596, org.springframework.boot.test.mock.mockito.MockitoTestExecutionListener@50de0926, org.springframework.boot.test.mock.mockito.ResetMocksTestExecutionListener@2473b9ce]
00:53:06.113 [main] DEBUG org.springframework.test.annotation.ProfileValueUtils - Retrieved @ProfileValueSourceConfiguration [null] for test class [co.udea.regact.api.CursoServiceImpTest]
00:53:06.114 [main] DEBUG org.springframework.test.annotation.ProfileValueUtils - Retrieved ProfileValueSource type [class org.springframework.test.annotation.SystemProfileValueSource] for class [co.udea.regact.api.CursoServiceImpTest]
00:53:06.116 [main] DEBUG org.springframework.test.context.junit4.SpringJUnit4ClassRunner - SpringJUnit4ClassRunner constructor called with [class co.udea.regact.api.CursoServiceImpTest]
00:53:06.116 [main] DEBUG org.springframework.test.context.BootstrapUtils - Instantiating CacheAwareContextLoaderDelegate from class [org.springframework.test.context.cache.DefaultCacheAwareContextLoaderDelegate]
00:53:06.116 [main] DEBUG org.springframework.test.context.BootstrapUtils - Instantiating BootstrapContext using constructor [public org.springframework.test.context.support.DefaultBootstrapContext(java.lang.Class,org.springframework.test.context.CacheAwareContextLoaderDelegate)]
00:53:06.117 [main] DEBUG org.springframework.test.context.BootstrapUtils - Instantiating TestContextBootstrapper for test class [co.udea.regact.api.CursoServiceImpTest] from class [org.springframework.boot.test.context.SpringBootTestContextBootstrapper]
00:53:06.118 [main] INFO org.springframework.boot.test.context.SpringBootTestContextBootstrapper - Neither @ContextConfiguration nor @ContextHierarchy found for test class [co.udea.regact.api.CursoServiceImpTest], using SpringBootContextLoader
00:53:06.118 [main] DEBUG org.springframework.test.context.support.AbstractContextLoader - Did not detect default resource location for test class [co.udea.regact.api.CursoServiceImpTest]: class path resource [co/udea/regact/api/CursoServiceImpTest-context.xml] does not exist
00:53:06.118 [main] DEBUG org.springframework.test.context.support.AbstractContextLoader - Did not detect default resource location for test class [co.udea.regact.api.CursoServiceImpTest]: class path resource [co/udea/regact/api/CursoServiceImpTestContext.groovy] does not exist
00:53:06.119 [main] INFO org.springframework.test.context.support.AbstractContextLoader - Could not detect default resource locations for test class [co.udea.regact.api.CursoServiceImpTest]: no resource found for suffixes {-context.xml, Context.groovy}.
00:53:06.129 [main] DEBUG org.springframework.boot.test.context.SpringBootTestContextBootstrapper - @TestExecutionListeners is not present for class [co.udea.regact.api.CursoServiceImpTest]: using defaults.
00:53:06.133 [main] INFO org.springframework.boot.test.context.SpringBootTestContextBootstrapper - Loaded default TestExecutionListener class names from location [META-INF/spring.factories]: [org.springframework.boot.test.mock.mockito.MockitoTestExecutionListener, org.springframework.boot.test.mock.mockito.ResetMocksTestExecutionListener, org.springframework.boot.test.autoconfigure.restdocs.RestDocsTestExecutionListener, org.springframework.boot.test.autoconfigure.web.client.MockRestServiceServerResetTestExecutionListener, org.springframework.boot.test.autoconfigure.web.servlet.MockMvcPrintOnlyOnFailureTestExecutionListener, org.springframework.boot.test.autoconfigure.web.servlet.WebDriverTestExecutionListener, org.springframework.test.context.web.ServletTestExecutionListener, org.springframework.test.context.support.DirtiesContextBeforeModesTestExecutionListener, org.springframework.test.context.support.DependencyInjectionTestExecutionListener, org.springframework.test.context.support.DirtiesContextTestExecutionListener, org.springframework.test.context.transaction.TransactionalTestExecutionListener, org.springframework.test.context.jdbc.SqlScriptsTestExecutionListener]
00:53:06.138 [main] INFO org.springframework.boot.test.context.SpringBootTestContextBootstrapper - Using TestExecutionListeners: [org.springframework.test.context.web.ServletTestExecutionListener@6166e06f, org.springframework.test.context.support.DirtiesContextBeforeModesTestExecutionListener@49e202ad, org.springframework.boot.test.autoconfigure.SpringBootDependencyInjectionTestExecutionListener@1c72da34, org.springframework.test.context.support.DirtiesContextTestExecutionListener@6b0c2d26, org.springframework.test.context.transaction.TransactionalTestExecutionListener@3d3fcdb0, org.springframework.test.context.jdbc.SqlScriptsTestExecutionListener@641147d0, org.springframework.boot.test.autoconfigure.restdocs.RestDocsTestExecutionListener@6e38921c, org.springframework.boot.test.autoconfigure.web.servlet.MockMvcPrintOnlyOnFailureTestExecutionListener@64d7f7e0, org.springframework.boot.test.autoconfigure.web.client.MockRestServiceServerResetTestExecutionListener@27c6e487, org.springframework.boot.test.autoconfigure.web.servlet.WebDriverTestExecutionListener@49070868, org.springframework.boot.test.mock.mockito.MockitoTestExecutionListener@6385cb26, org.springframework.boot.test.mock.mockito.ResetMocksTestExecutionListener@38364841]
00:53:06.139 [main] DEBUG org.springframework.test.annotation.ProfileValueUtils - Retrieved @ProfileValueSourceConfiguration [null] for test class [co.udea.regact.api.CursoServiceImpTest]
00:53:06.139 [main] DEBUG org.springframework.test.annotation.ProfileValueUtils - Retrieved ProfileValueSource type [class org.springframework.test.annotation.SystemProfileValueSource] for class [co.udea.regact.api.CursoServiceImpTest]
00:53:06.140 [main] DEBUG org.springframework.test.annotation.ProfileValueUtils - Retrieved @ProfileValueSourceConfiguration [null] for test class [co.udea.regact.api.CursoServiceImpTest]
00:53:06.140 [main] DEBUG org.springframework.test.annotation.ProfileValueUtils - Retrieved ProfileValueSource type [class org.springframework.test.annotation.SystemProfileValueSource] for class [co.udea.regact.api.CursoServiceImpTest]
00:53:06.147 [main] DEBUG org.springframework.test.context.support.AbstractDirtiesContextTestExecutionListener - Before test class: context [DefaultTestContext@7bc1a03d testClass = CursoServiceImpTest, testInstance = [null], testMethod = [null], testException = [null], mergedContextConfiguration = [WebMergedContextConfiguration@70b0b186 testClass = CursoServiceImpTest, locations = '{}', classes = '{class co.udea.regact.api.RegistroActividadesApiApplication, class co.udea.regact.api.RegistroActividadesApiApplication}', contextInitializerClasses = '[]', activeProfiles = '{test}', propertySourceLocations = '{}', propertySourceProperties = '{org.springframework.boot.test.context.SpringBootTestContextBootstrapper=true}', contextCustomizers = set[org.springframework.boot.test.context.SpringBootTestContextCustomizer@1e6d1014, org.springframework.boot.test.context.filter.ExcludeFilterContextCustomizer@1f554b06, org.springframework.boot.test.json.DuplicateJsonObjectContextCustomizerFactory$DuplicateJsonObjectContextCustomizer@131276c2, org.springframework.boot.test.mock.mockito.MockitoContextCustomizer@0, org.springframework.boot.test.autoconfigure.properties.PropertyMappingContextCustomizer@0, org.springframework.boot.test.autoconfigure.web.servlet.WebDriverContextCustomizerFactory$Customizer@704a52ec], resourceBasePath = 'src/main/webapp', contextLoader = 'org.springframework.boot.test.context.SpringBootContextLoader', parent = [null]]], class annotated with @DirtiesContext [false] with mode [null].
00:53:06.150 [main] DEBUG org.springframework.test.annotation.ProfileValueUtils - Retrieved @ProfileValueSourceConfiguration [null] for test class [co.udea.regact.api.CursoServiceImpTest]
00:53:06.150 [main] DEBUG org.springframework.test.annotation.ProfileValueUtils - Retrieved ProfileValueSource type [class org.springframework.test.annotation.SystemProfileValueSource] for class [co.udea.regact.api.CursoServiceImpTest]
00:53:06.223 [main] DEBUG org.springframework.core.env.StandardEnvironment - Adding PropertySource 'systemProperties' with lowest search precedence
00:53:06.223 [main] DEBUG org.springframework.core.env.StandardEnvironment - Adding PropertySource 'systemEnvironment' with lowest search precedence
00:53:06.224 [main] DEBUG org.springframework.core.env.StandardEnvironment - Initialized StandardEnvironment with PropertySources [MapPropertySource@963110412 {name='systemProperties', properties={java.runtime.name=Java(TM) SE Runtime Environment, sun.boot.library.path=C:\Program Files\Java\jdk1.8.0_131\jre\bin, java.vm.version=25.131-b11, java.vm.vendor=Oracle Corporation, java.vendor.url=http://java.oracle.com/, path.separator=;, java.vm.name=Java HotSpot(TM) 64-Bit Server VM, file.encoding.pkg=sun.io, user.country=CO, user.script=, sun.java.launcher=SUN_STANDARD, sun.os.patch.level=, java.vm.specification.name=Java Virtual Machine Specification, user.dir=C:\Users\Sebas\Documents\Development\WorkSpaces\registro_actividades_udea\registro_actividades_api\regact-api, java.runtime.version=1.8.0_131-b11, basedir=C:\Users\Sebas\Documents\Development\WorkSpaces\registro_actividades_udea\registro_actividades_api\regact-api, java.awt.graphicsenv=sun.awt.Win32GraphicsEnvironment, java.endorsed.dirs=C:\Program Files\Java\jdk1.8.0_131\jre\lib\endorsed, os.arch=amd64, surefire.real.class.path=C:\Users\Sebas\Documents\Development\WorkSpaces\registro_actividades_udea\registro_actividades_api\regact-api\target\surefire\surefirebooter4955033653482069569.jar, java.io.tmpdir=C:\Users\Sebas\AppData\Local\Temp\, line.separator=
, java.vm.specification.vendor=Oracle Corporation, user.variant=, os.name=Windows 10, sun.jnu.encoding=Cp1252, java.library.path=C:\Program Files\Java\jdk1.8.0_131\jre\bin;C:\WINDOWS\Sun\Java\bin;C:\WINDOWS\system32;C:\WINDOWS;C:\ProgramData\Oracle\Java\javapath;C:\Program Files (x86)\Intel\iCLS Client\;C:\Program Files\Intel\iCLS Client\;C:\WINDOWS\system32;C:\WINDOWS;C:\WINDOWS\System32\Wbem;C:\WINDOWS\System32\WindowsPowerShell\v1.0\;C:\Program Files (x86)\Intel\Intel(R) Management Engine Components\DAL;C:\Program Files\Intel\Intel(R) Management Engine Components\DAL;C:\Program Files (x86)\Intel\Intel(R) Management Engine Components\IPT;C:\Program Files\Intel\Intel(R) Management Engine Components\IPT;C:\Program Files\Git\cmd;C:\Program Files\Java\jdk1.8.0_131\bin;C:\Program Files\swipl\lib\jpl.jar;C:\Program Files\swipl\bin;C:\Program Files\OpenVPN\bin;C:\Users\Sebas\Documents\Development\Servers\apache-maven-3.5.0\bin;C:\Program Files (x86)\Java\jre1.8.0_161;C:\Program Files (x86)\Yarn\bin;C:\Users\Sebas\AppData\Roaming\nvm;C:\Program Files\nodejs;C:\Users\Sebas\AppData\Local\Microsoft\WindowsApps;C:\Program Files (x86)\Microsoft VS Code\bin;C:\Users\Sebas\AppData\Local\Yarn\bin;C:\Users\Sebas\AppData\Roaming\nvm;C:\Program Files\nodejs;., surefire.test.class.path=C:\Users\Sebas\Documents\Development\WorkSpaces\registro_actividades_udea\registro_actividades_api\regact-api\target\test-classes;C:\Users\Sebas\Documents\Development\WorkSpaces\registro_actividades_udea\registro_actividades_api\regact-api\target\classes;C:\Users\Sebas\.m2\repository\org\springframework\boot\spring-boot-starter-web\1.5.8.RELEASE\spring-boot-starter-web-1.5.8.RELEASE.jar;C:\Users\Sebas\.m2\repository\org\springframework\boot\spring-boot-starter\1.5.8.RELEASE\spring-boot-starter-1.5.8.RELEASE.jar;C:\Users\Sebas\.m2\repository\org\springframework\boot\spring-boot\1.5.8.RELEASE\spring-boot-1.5.8.RELEASE.jar;C:\Users\Sebas\.m2\repository\org\springframework\boot\spring-boot-autoconfigure\1.5.8.RELEASE\spring-boot-autoconfigure-1.5.8.RELEASE.jar;C:\Users\Sebas\.m2\repository\org\springframework\boot\spring-boot-starter-logging\1.5.8.RELEASE\spring-boot-starter-logging-1.5.8.RELEASE.jar;C:\Users\Sebas\.m2\repository\ch\qos\logback\logback-classic\1.1.11\logback-classic-1.1.11.jar;C:\Users\Sebas\.m2\repository\ch\qos\logback\logback-core\1.1.11\logback-core-1.1.11.jar;C:\Users\Sebas\.m2\repository\org\slf4j\jul-to-slf4j\1.7.25\jul-to-slf4j-1.7.25.jar;C:\Users\Sebas\.m2\repository\org\slf4j\log4j-over-slf4j\1.7.25\log4j-over-slf4j-1.7.25.jar;C:\Users\Sebas\.m2\repository\org\yaml\snakeyaml\1.17\snakeyaml-1.17.jar;C:\Users\Sebas\.m2\repository\org\hibernate\hibernate-validator\5.3.5.Final\hibernate-validator-5.3.5.Final.jar;C:\Users\Sebas\.m2\repository\javax\validation\validation-api\1.1.0.Final\validation-api-1.1.0.Final.jar;C:\Users\Sebas\.m2\repository\org\jboss\logging\jboss-logging\3.3.1.Final\jboss-logging-3.3.1.Final.jar;C:\Users\Sebas\.m2\repository\com\fasterxml\jackson\core\jackson-databind\2.8.10\jackson-databind-2.8.10.jar;C:\Users\Sebas\.m2\repository\com\fasterxml\jackson\core\jackson-annotations\2.8.0\jackson-annotations-2.8.0.jar;C:\Users\Sebas\.m2\repository\com\fasterxml\jackson\core\jackson-core\2.8.10\jackson-core-2.8.10.jar;C:\Users\Sebas\.m2\repository\org\springframework\spring-web\4.3.12.RELEASE\spring-web-4.3.12.RELEASE.jar;C:\Users\Sebas\.m2\repository\org\springframework\spring-aop\4.3.12.RELEASE\spring-aop-4.3.12.RELEASE.jar;C:\Users\Sebas\.m2\repository\org\springframework\spring-beans\4.3.12.RELEASE\spring-beans-4.3.12.RELEASE.jar;C:\Users\Sebas\.m2\repository\org\springframework\spring-context\4.3.12.RELEASE\spring-context-4.3.12.RELEASE.jar;C:\Users\Sebas\.m2\repository\org\springframework\spring-webmvc\4.3.12.RELEASE\spring-webmvc-4.3.12.RELEASE.jar;C:\Users\Sebas\.m2\repository\org\springframework\spring-expression\4.3.12.RELEASE\spring-expression-4.3.12.RELEASE.jar;C:\Users\Sebas\.m2\repository\org\springframework\boot\spring-boot-starter-tomcat\1.5.8.RELEASE\spring-boot-starter-tomcat-1.5.8.RELEASE.jar;C:\Users\Sebas\.m2\repository\org\apache\tomcat\embed\tomcat-embed-core\8.5.23\tomcat-embed-core-8.5.23.jar;C:\Users\Sebas\.m2\repository\org\apache\tomcat\tomcat-annotations-api\8.5.23\tomcat-annotations-api-8.5.23.jar;C:\Users\Sebas\.m2\repository\org\apache\tomcat\embed\tomcat-embed-el\8.5.23\tomcat-embed-el-8.5.23.jar;C:\Users\Sebas\.m2\repository\org\apache\tomcat\embed\tomcat-embed-websocket\8.5.23\tomcat-embed-websocket-8.5.23.jar;C:\Users\Sebas\.m2\repository\org\springframework\boot\spring-boot-starter-test\1.5.8.RELEASE\spring-boot-starter-test-1.5.8.RELEASE.jar;C:\Users\Sebas\.m2\repository\org\springframework\boot\spring-boot-test\1.5.8.RELEASE\spring-boot-test-1.5.8.RELEASE.jar;C:\Users\Sebas\.m2\repository\org\springframework\boot\spring-boot-test-autoconfigure\1.5.8.RELEASE\spring-boot-test-autoconfigure-1.5.8.RELEASE.jar;C:\Users\Sebas\.m2\repository\com\jayway\jsonpath\json-path\2.2.0\json-path-2.2.0.jar;C:\Users\Sebas\.m2\repository\net\minidev\json-smart\2.2.1\json-smart-2.2.1.jar;C:\Users\Sebas\.m2\repository\net\minidev\accessors-smart\1.1\accessors-smart-1.1.jar;C:\Users\Sebas\.m2\repository\org\ow2\asm\asm\5.0.3\asm-5.0.3.jar;C:\Users\Sebas\.m2\repository\junit\junit\4.12\junit-4.12.jar;C:\Users\Sebas\.m2\repository\org\assertj\assertj-core\2.6.0\assertj-core-2.6.0.jar;C:\Users\Sebas\.m2\repository\org\mockito\mockito-core\1.10.19\mockito-core-1.10.19.jar;C:\Users\Sebas\.m2\repository\org\objenesis\objenesis\2.1\objenesis-2.1.jar;C:\Users\Sebas\.m2\repository\org\hamcrest\hamcrest-core\1.3\hamcrest-core-1.3.jar;C:\Users\Sebas\.m2\repository\org\hamcrest\hamcrest-library\1.3\hamcrest-library-1.3.jar;C:\Users\Sebas\.m2\repository\org\skyscreamer\jsonassert\1.4.0\jsonassert-1.4.0.jar;C:\Users\Sebas\.m2\repository\com\vaadin\external\google\android-json\0.0.20131108.vaadin1\android-json-0.0.20131108.vaadin1.jar;C:\Users\Sebas\.m2\repository\org\springframework\spring-core\4.3.12.RELEASE\spring-core-4.3.12.RELEASE.jar;C:\Users\Sebas\.m2\repository\org\springframework\spring-test\4.3.12.RELEASE\spring-test-4.3.12.RELEASE.jar;C:\Users\Sebas\.m2\repository\com\github\springtestdbunit\spring-test-dbunit\1.3.0\spring-test-dbunit-1.3.0.jar;C:\Users\Sebas\.m2\repository\com\h2database\h2\1.4.196\h2-1.4.196.jar;C:\Users\Sebas\.m2\repository\org\springframework\boot\spring-boot-starter-data-jpa\1.5.8.RELEASE\spring-boot-starter-data-jpa-1.5.8.RELEASE.jar;C:\Users\Sebas\.m2\repository\org\springframework\boot\spring-boot-starter-aop\1.5.8.RELEASE\spring-boot-starter-aop-1.5.8.RELEASE.jar;C:\Users\Sebas\.m2\repository\org\aspectj\aspectjweaver\1.8.11\aspectjweaver-1.8.11.jar;C:\Users\Sebas\.m2\repository\org\springframework\boot\spring-boot-starter-jdbc\1.5.8.RELEASE\spring-boot-starter-jdbc-1.5.8.RELEASE.jar;C:\Users\Sebas\.m2\repository\org\apache\tomcat\tomcat-jdbc\8.5.23\tomcat-jdbc-8.5.23.jar;C:\Users\Sebas\.m2\repository\org\apache\tomcat\tomcat-juli\8.5.23\tomcat-juli-8.5.23.jar;C:\Users\Sebas\.m2\repository\org\springframework\spring-jdbc\4.3.12.RELEASE\spring-jdbc-4.3.12.RELEASE.jar;C:\Users\Sebas\.m2\repository\org\hibernate\hibernate-core\5.0.12.Final\hibernate-core-5.0.12.Final.jar;C:\Users\Sebas\.m2\repository\org\hibernate\javax\persistence\hibernate-jpa-2.1-api\1.0.0.Final\hibernate-jpa-2.1-api-1.0.0.Final.jar;C:\Users\Sebas\.m2\repository\org\javassist\javassist\3.21.0-GA\javassist-3.21.0-GA.jar;C:\Users\Sebas\.m2\repository\antlr\antlr\2.7.7\antlr-2.7.7.jar;C:\Users\Sebas\.m2\repository\org\jboss\jandex\2.0.0.Final\jandex-2.0.0.Final.jar;C:\Users\Sebas\.m2\repository\dom4j\dom4j\1.6.1\dom4j-1.6.1.jar;C:\Users\Sebas\.m2\repository\org\hibernate\common\hibernate-commons-annotations\5.0.1.Final\hibernate-commons-annotations-5.0.1.Final.jar;C:\Users\Sebas\.m2\repository\org\hibernate\hibernate-entitymanager\5.0.12.Final\hibernate-entitymanager-5.0.12.Final.jar;C:\Users\Sebas\.m2\repository\javax\transaction\javax.transaction-api\1.2\javax.transaction-api-1.2.jar;C:\Users\Sebas\.m2\repository\org\springframework\data\spring-data-jpa\1.11.8.RELEASE\spring-data-jpa-1.11.8.RELEASE.jar;C:\Users\Sebas\.m2\repository\org\springframework\data\spring-data-commons\1.13.8.RELEASE\spring-data-commons-1.13.8.RELEASE.jar;C:\Users\Sebas\.m2\repository\org\springframework\spring-orm\4.3.12.RELEASE\spring-orm-4.3.12.RELEASE.jar;C:\Users\Sebas\.m2\repository\org\springframework\spring-tx\4.3.12.RELEASE\spring-tx-4.3.12.RELEASE.jar;C:\Users\Sebas\.m2\repository\org\slf4j\jcl-over-slf4j\1.7.25\jcl-over-slf4j-1.7.25.jar;C:\Users\Sebas\.m2\repository\org\springframework\spring-aspects\4.3.12.RELEASE\spring-aspects-4.3.12.RELEASE.jar;C:\Users\Sebas\.m2\repository\org\postgresql\postgresql\9.4.1212.jre7\postgresql-9.4.1212.jre7.jar;C:\Users\Sebas\.m2\repository\io\springfox\springfox-swagger2\2.7.0\springfox-swagger2-2.7.0.jar;C:\Users\Sebas\.m2\repository\io\swagger\swagger-annotations\1.5.13\swagger-annotations-1.5.13.jar;C:\Users\Sebas\.m2\repository\io\swagger\swagger-models\1.5.13\swagger-models-1.5.13.jar;C:\Users\Sebas\.m2\repository\io\springfox\springfox-spi\2.7.0\springfox-spi-2.7.0.jar;C:\Users\Sebas\.m2\repository\io\springfox\springfox-core\2.7.0\springfox-core-2.7.0.jar;C:\Users\Sebas\.m2\repository\net\bytebuddy\byte-buddy\1.6.14\byte-buddy-1.6.14.jar;C:\Users\Sebas\.m2\repository\io\springfox\springfox-schema\2.7.0\springfox-schema-2.7.0.jar;C:\Users\Sebas\.m2\repository\io\springfox\springfox-swagger-common\2.7.0\springfox-swagger-common-2.7.0.jar;C:\Users\Sebas\.m2\repository\io\springfox\springfox-spring-web\2.7.0\springfox-spring-web-2.7.0.jar;C:\Users\Sebas\.m2\repository\org\reflections\reflections\0.9.11\reflections-0.9.11.jar;C:\Users\Sebas\.m2\repository\com\google\guava\guava\18.0\guava-18.0.jar;C:\Users\Sebas\.m2\repository\com\fasterxml\classmate\1.3.4\classmate-1.3.4.jar;C:\Users\Sebas\.m2\repository\org\slf4j\slf4j-api\1.7.25\slf4j-api-1.7.25.jar;C:\Users\Sebas\.m2\repository\org\springframework\plugin\spring-plugin-core\1.2.0.RELEASE\spring-plugin-core-1.2.0.RELEASE.jar;C:\Users\Sebas\.m2\repository\org\springframework\plugin\spring-plugin-metadata\1.2.0.RELEASE\spring-plugin-metadata-1.2.0.RELEASE.jar;C:\Users\Sebas\.m2\repository\org\mapstruct\mapstruct\1.1.0.Final\mapstruct-1.1.0.Final.jar;C:\Users\Sebas\.m2\repository\io\springfox\springfox-swagger-ui\2.7.0\springfox-swagger-ui-2.7.0.jar;, java.specification.name=Java Platform API Specification, java.class.version=52.0, sun.management.compiler=HotSpot 64-Bit Tiered Compilers, os.version=10.0, user.home=C:\Users\Sebas, user.timezone=America/Bogota, java.awt.printerjob=sun.awt.windows.WPrinterJob, file.encoding=Cp1252, java.specification.version=1.8, java.class.path=C:\Users\Sebas\Documents\Development\WorkSpaces\registro_actividades_udea\registro_actividades_api\regact-api\target\test-classes;C:\Users\Sebas\Documents\Development\WorkSpaces\registro_actividades_udea\registro_actividades_api\regact-api\target\classes;C:\Users\Sebas\.m2\repository\org\springframework\boot\spring-boot-starter-web\1.5.8.RELEASE\spring-boot-starter-web-1.5.8.RELEASE.jar;C:\Users\Sebas\.m2\repository\org\springframework\boot\spring-boot-starter\1.5.8.RELEASE\spring-boot-starter-1.5.8.RELEASE.jar;C:\Users\Sebas\.m2\repository\org\springframework\boot\spring-boot\1.5.8.RELEASE\spring-boot-1.5.8.RELEASE.jar;C:\Users\Sebas\.m2\repository\org\springframework\boot\spring-boot-autoconfigure\1.5.8.RELEASE\spring-boot-autoconfigure-1.5.8.RELEASE.jar;C:\Users\Sebas\.m2\repository\org\springframework\boot\spring-boot-starter-logging\1.5.8.RELEASE\spring-boot-starter-logging-1.5.8.RELEASE.jar;C:\Users\Sebas\.m2\repository\ch\qos\logback\logback-classic\1.1.11\logback-classic-1.1.11.jar;C:\Users\Sebas\.m2\repository\ch\qos\logback\logback-core\1.1.11\logback-core-1.1.11.jar;C:\Users\Sebas\.m2\repository\org\slf4j\jul-to-slf4j\1.7.25\jul-to-slf4j-1.7.25.jar;C:\Users\Sebas\.m2\repository\org\slf4j\log4j-over-slf4j\1.7.25\log4j-over-slf4j-1.7.25.jar;C:\Users\Sebas\.m2\repository\org\yaml\snakeyaml\1.17\snakeyaml-1.17.jar;C:\Users\Sebas\.m2\repository\org\hibernate\hibernate-validator\5.3.5.Final\hibernate-validator-5.3.5.Final.jar;C:\Users\Sebas\.m2\repository\javax\validation\validation-api\1.1.0.Final\validation-api-1.1.0.Final.jar;C:\Users\Sebas\.m2\repository\org\jboss\logging\jboss-logging\3.3.1.Final\jboss-logging-3.3.1.Final.jar;C:\Users\Sebas\.m2\repository\com\fasterxml\jackson\core\jackson-databind\2.8.10\jackson-databind-2.8.10.jar;C:\Users\Sebas\.m2\repository\com\fasterxml\jackson\core\jackson-annotations\2.8.0\jackson-annotations-2.8.0.jar;C:\Users\Sebas\.m2\repository\com\fasterxml\jackson\core\jackson-core\2.8.10\jackson-core-2.8.10.jar;C:\Users\Sebas\.m2\repository\org\springframework\spring-web\4.3.12.RELEASE\spring-web-4.3.12.RELEASE.jar;C:\Users\Sebas\.m2\repository\org\springframework\spring-aop\4.3.12.RELEASE\spring-aop-4.3.12.RELEASE.jar;C:\Users\Sebas\.m2\repository\org\springframework\spring-beans\4.3.12.RELEASE\spring-beans-4.3.12.RELEASE.jar;C:\Users\Sebas\.m2\repository\org\springframework\spring-context\4.3.12.RELEASE\spring-context-4.3.12.RELEASE.jar;C:\Users\Sebas\.m2\repository\org\springframework\spring-webmvc\4.3.12.RELEASE\spring-webmvc-4.3.12.RELEASE.jar;C:\Users\Sebas\.m2\repository\org\springframework\spring-expression\4.3.12.RELEASE\spring-expression-4.3.12.RELEASE.jar;C:\Users\Sebas\.m2\repository\org\springframework\boot\spring-boot-starter-tomcat\1.5.8.RELEASE\spring-boot-starter-tomcat-1.5.8.RELEASE.jar;C:\Users\Sebas\.m2\repository\org\apache\tomcat\embed\tomcat-embed-core\8.5.23\tomcat-embed-core-8.5.23.jar;C:\Users\Sebas\.m2\repository\org\apache\tomcat\tomcat-annotations-api\8.5.23\tomcat-annotations-api-8.5.23.jar;C:\Users\Sebas\.m2\repository\org\apache\tomcat\embed\tomcat-embed-el\8.5.23\tomcat-embed-el-8.5.23.jar;C:\Users\Sebas\.m2\repository\org\apache\tomcat\embed\tomcat-embed-websocket\8.5.23\tomcat-embed-websocket-8.5.23.jar;C:\Users\Sebas\.m2\repository\org\springframework\boot\spring-boot-starter-test\1.5.8.RELEASE\spring-boot-starter-test-1.5.8.RELEASE.jar;C:\Users\Sebas\.m2\repository\org\springframework\boot\spring-boot-test\1.5.8.RELEASE\spring-boot-test-1.5.8.RELEASE.jar;C:\Users\Sebas\.m2\repository\org\springframework\boot\spring-boot-test-autoconfigure\1.5.8.RELEASE\spring-boot-test-autoconfigure-1.5.8.RELEASE.jar;C:\Users\Sebas\.m2\repository\com\jayway\jsonpath\json-path\2.2.0\json-path-2.2.0.jar;C:\Users\Sebas\.m2\repository\net\minidev\json-smart\2.2.1\json-smart-2.2.1.jar;C:\Users\Sebas\.m2\repository\net\minidev\accessors-smart\1.1\accessors-smart-1.1.jar;C:\Users\Sebas\.m2\repository\org\ow2\asm\asm\5.0.3\asm-5.0.3.jar;C:\Users\Sebas\.m2\repository\junit\junit\4.12\junit-4.12.jar;C:\Users\Sebas\.m2\repository\org\assertj\assertj-core\2.6.0\assertj-core-2.6.0.jar;C:\Users\Sebas\.m2\repository\org\mockito\mockito-core\1.10.19\mockito-core-1.10.19.jar;C:\Users\Sebas\.m2\repository\org\objenesis\objenesis\2.1\objenesis-2.1.jar;C:\Users\Sebas\.m2\repository\org\hamcrest\hamcrest-core\1.3\hamcrest-core-1.3.jar;C:\Users\Sebas\.m2\repository\org\hamcrest\hamcrest-library\1.3\hamcrest-library-1.3.jar;C:\Users\Sebas\.m2\repository\org\skyscreamer\jsonassert\1.4.0\jsonassert-1.4.0.jar;C:\Users\Sebas\.m2\repository\com\vaadin\external\google\android-json\0.0.20131108.vaadin1\android-json-0.0.20131108.vaadin1.jar;C:\Users\Sebas\.m2\repository\org\springframework\spring-core\4.3.12.RELEASE\spring-core-4.3.12.RELEASE.jar;C:\Users\Sebas\.m2\repository\org\springframework\spring-test\4.3.12.RELEASE\spring-test-4.3.12.RELEASE.jar;C:\Users\Sebas\.m2\repository\com\github\springtestdbunit\spring-test-dbunit\1.3.0\spring-test-dbunit-1.3.0.jar;C:\Users\Sebas\.m2\repository\com\h2database\h2\1.4.196\h2-1.4.196.jar;C:\Users\Sebas\.m2\repository\org\springframework\boot\spring-boot-starter-data-jpa\1.5.8.RELEASE\spring-boot-starter-data-jpa-1.5.8.RELEASE.jar;C:\Users\Sebas\.m2\repository\org\springframework\boot\spring-boot-starter-aop\1.5.8.RELEASE\spring-boot-starter-aop-1.5.8.RELEASE.jar;C:\Users\Sebas\.m2\repository\org\aspectj\aspectjweaver\1.8.11\aspectjweaver-1.8.11.jar;C:\Users\Sebas\.m2\repository\org\springframework\boot\spring-boot-starter-jdbc\1.5.8.RELEASE\spring-boot-starter-jdbc-1.5.8.RELEASE.jar;C:\Users\Sebas\.m2\repository\org\apache\tomcat\tomcat-jdbc\8.5.23\tomcat-jdbc-8.5.23.jar;C:\Users\Sebas\.m2\repository\org\apache\tomcat\tomcat-juli\8.5.23\tomcat-juli-8.5.23.jar;C:\Users\Sebas\.m2\repository\org\springframework\spring-jdbc\4.3.12.RELEASE\spring-jdbc-4.3.12.RELEASE.jar;C:\Users\Sebas\.m2\repository\org\hibernate\hibernate-core\5.0.12.Final\hibernate-core-5.0.12.Final.jar;C:\Users\Sebas\.m2\repository\org\hibernate\javax\persistence\hibernate-jpa-2.1-api\1.0.0.Final\hibernate-jpa-2.1-api-1.0.0.Final.jar;C:\Users\Sebas\.m2\repository\org\javassist\javassist\3.21.0-GA\javassist-3.21.0-GA.jar;C:\Users\Sebas\.m2\repository\antlr\antlr\2.7.7\antlr-2.7.7.jar;C:\Users\Sebas\.m2\repository\org\jboss\jandex\2.0.0.Final\jandex-2.0.0.Final.jar;C:\Users\Sebas\.m2\repository\dom4j\dom4j\1.6.1\dom4j-1.6.1.jar;C:\Users\Sebas\.m2\repository\org\hibernate\common\hibernate-commons-annotations\5.0.1.Final\hibernate-commons-annotations-5.0.1.Final.jar;C:\Users\Sebas\.m2\repository\org\hibernate\hibernate-entitymanager\5.0.12.Final\hibernate-entitymanager-5.0.12.Final.jar;C:\Users\Sebas\.m2\repository\javax\transaction\javax.transaction-api\1.2\javax.transaction-api-1.2.jar;C:\Users\Sebas\.m2\repository\org\springframework\data\spring-data-jpa\1.11.8.RELEASE\spring-data-jpa-1.11.8.RELEASE.jar;C:\Users\Sebas\.m2\repository\org\springframework\data\spring-data-commons\1.13.8.RELEASE\spring-data-commons-1.13.8.RELEASE.jar;C:\Users\Sebas\.m2\repository\org\springframework\spring-orm\4.3.12.RELEASE\spring-orm-4.3.12.RELEASE.jar;C:\Users\Sebas\.m2\repository\org\springframework\spring-tx\4.3.12.RELEASE\spring-tx-4.3.12.RELEASE.jar;C:\Users\Sebas\.m2\repository\org\slf4j\jcl-over-slf4j\1.7.25\jcl-over-slf4j-1.7.25.jar;C:\Users\Sebas\.m2\repository\org\springframework\spring-aspects\4.3.12.RELEASE\spring-aspects-4.3.12.RELEASE.jar;C:\Users\Sebas\.m2\repository\org\postgresql\postgresql\9.4.1212.jre7\postgresql-9.4.1212.jre7.jar;C:\Users\Sebas\.m2\repository\io\springfox\springfox-swagger2\2.7.0\springfox-swagger2-2.7.0.jar;C:\Users\Sebas\.m2\repository\io\swagger\swagger-annotations\1.5.13\swagger-annotations-1.5.13.jar;C:\Users\Sebas\.m2\repository\io\swagger\swagger-models\1.5.13\swagger-models-1.5.13.jar;C:\Users\Sebas\.m2\repository\io\springfox\springfox-spi\2.7.0\springfox-spi-2.7.0.jar;C:\Users\Sebas\.m2\repository\io\springfox\springfox-core\2.7.0\springfox-core-2.7.0.jar;C:\Users\Sebas\.m2\repository\net\bytebuddy\byte-buddy\1.6.14\byte-buddy-1.6.14.jar;C:\Users\Sebas\.m2\repository\io\springfox\springfox-schema\2.7.0\springfox-schema-2.7.0.jar;C:\Users\Sebas\.m2\repository\io\springfox\springfox-swagger-common\2.7.0\springfox-swagger-common-2.7.0.jar;C:\Users\Sebas\.m2\repository\io\springfox\springfox-spring-web\2.7.0\springfox-spring-web-2.7.0.jar;C:\Users\Sebas\.m2\repository\org\reflections\reflections\0.9.11\reflections-0.9.11.jar;C:\Users\Sebas\.m2\repository\com\google\guava\guava\18.0\guava-18.0.jar;C:\Users\Sebas\.m2\repository\com\fasterxml\classmate\1.3.4\classmate-1.3.4.jar;C:\Users\Sebas\.m2\repository\org\slf4j\slf4j-api\1.7.25\slf4j-api-1.7.25.jar;C:\Users\Sebas\.m2\repository\org\springframework\plugin\spring-plugin-core\1.2.0.RELEASE\spring-plugin-core-1.2.0.RELEASE.jar;C:\Users\Sebas\.m2\repository\org\springframework\plugin\spring-plugin-metadata\1.2.0.RELEASE\spring-plugin-metadata-1.2.0.RELEASE.jar;C:\Users\Sebas\.m2\repository\org\mapstruct\mapstruct\1.1.0.Final\mapstruct-1.1.0.Final.jar;C:\Users\Sebas\.m2\repository\io\springfox\springfox-swagger-ui\2.7.0\springfox-swagger-ui-2.7.0.jar;, user.name=Sebas, java.vm.specification.version=1.8, sun.java.command=C:\Users\Sebas\Documents\Development\WorkSpaces\registro_actividades_udea\registro_actividades_api\regact-api\target\surefire\surefirebooter4955033653482069569.jar C:\Users\Sebas\Documents\Development\WorkSpaces\registro_actividades_udea\registro_actividades_api\regact-api\target\surefire\surefire7880303288106171160tmp C:\Users\Sebas\Documents\Development\WorkSpaces\registro_actividades_udea\registro_actividades_api\regact-api\target\surefire\surefire_05877731806497060688tmp, java.home=C:\Program Files\Java\jdk1.8.0_131\jre, sun.arch.data.model=64, user.language=es, java.specification.vendor=Oracle Corporation, awt.toolkit=sun.awt.windows.WToolkit, java.vm.info=mixed mode, java.version=1.8.0_131, java.ext.dirs=C:\Program Files\Java\jdk1.8.0_131\jre\lib\ext;C:\WINDOWS\Sun\Java\lib\ext, sun.boot.class.path=C:\Program Files\Java\jdk1.8.0_131\jre\lib\resources.jar;C:\Program Files\Java\jdk1.8.0_131\jre\lib\rt.jar;C:\Program Files\Java\jdk1.8.0_131\jre\lib\sunrsasign.jar;C:\Program Files\Java\jdk1.8.0_131\jre\lib\jsse.jar;C:\Program Files\Java\jdk1.8.0_131\jre\lib\jce.jar;C:\Program Files\Java\jdk1.8.0_131\jre\lib\charsets.jar;C:\Program Files\Java\jdk1.8.0_131\jre\lib\jfr.jar;C:\Program Files\Java\jdk1.8.0_131\jre\classes, java.vendor=Oracle Corporation, localRepository=C:\Users\Sebas\.m2\repository, file.separator=\, java.vendor.url.bug=http://bugreport.sun.com/bugreport/, sun.io.unicode.encoding=UnicodeLittle, sun.cpu.endian=little, sun.desktop=windows, sun.cpu.isalist=amd64}}, SystemEnvironmentPropertySource@1624820151 {name='systemEnvironment', properties={PATH=C:\ProgramData\Oracle\Java\javapath;C:\Program Files (x86)\Intel\iCLS Client\;C:\Program Files\Intel\iCLS Client\;C:\WINDOWS\system32;C:\WINDOWS;C:\WINDOWS\System32\Wbem;C:\WINDOWS\System32\WindowsPowerShell\v1.0\;C:\Program Files (x86)\Intel\Intel(R) Management Engine Components\DAL;C:\Program Files\Intel\Intel(R) Management Engine Components\DAL;C:\Program Files (x86)\Intel\Intel(R) Management Engine Components\IPT;C:\Program Files\Intel\Intel(R) Management Engine Components\IPT;C:\Program Files\Git\cmd;C:\Program Files\Java\jdk1.8.0_131\bin;C:\Program Files\swipl\lib\jpl.jar;C:\Program Files\swipl\bin;C:\Program Files\OpenVPN\bin;C:\Users\Sebas\Documents\Development\Servers\apache-maven-3.5.0\bin;C:\Program Files (x86)\Java\jre1.8.0_161;C:\Program Files (x86)\Yarn\bin;C:\Users\Sebas\AppData\Roaming\nvm;C:\Program Files\nodejs;C:\Users\Sebas\AppData\Local\Microsoft\WindowsApps;C:\Program Files (x86)\Microsoft VS Code\bin;C:\Users\Sebas\AppData\Local\Yarn\bin;C:\Users\Sebas\AppData\Roaming\nvm;C:\Program Files\nodejs, USERDOMAIN_ROAMINGPROFILE=SEBAS-PC, LOCALAPPDATA=C:\Users\Sebas\AppData\Local, NVM_SYMLINK=C:\Program Files\nodejs, PROCESSOR_LEVEL=6, SYSTEMDRIVE=C:, COMMONPROGRAMFILES(X86)=C:\Program Files (x86)\Common Files, USERDOMAIN=SEBAS-PC, FPS_BROWSER_APP_PROFILE_STRING=Internet Explorer, LOGONSERVER=\\SEBAS-PC, JAVA_HOME=C:\Program Files\Java\jdk1.8.0_131, PROMPT=$P$G, SESSIONNAME=Console, ALLUSERSPROFILE=C:\ProgramData, PROGRAMFILES(X86)=C:\Program Files (x86), PROCESSOR_ARCHITECTURE=AMD64, PROGRAMFILES=C:\Program Files, =C:=C:\Users\Sebas\Documents\Development\WorkSpaces\registro_actividades_udea\registro_actividades_api\regact-api, APPDATA=C:\Users\Sebas\AppData\Roaming, PSMODULEPATH=C:\Program Files\WindowsPowerShell\Modules;C:\WINDOWS\system32\WindowsPowerShell\v1.0\Modules, PROGRAMW6432=C:\Program Files, PROGRAMDATA=C:\ProgramData, SYSTEMROOT=C:\WINDOWS, USERNAME=Sebas, FPS_BROWSER_USER_PROFILE_STRING=Default, ONEDRIVE=C:\Users\Sebas\OneDrive, PATHEXT=.COM;.EXE;.BAT;.CMD;.VBS;.VBE;.JS;.JSE;.WSF;.WSH;.MSC, OS=Windows_NT, COMMONPROGRAMW6432=C:\Program Files\Common Files, COMPUTERNAME=SEBAS-PC, COMMONPROGRAMFILES=C:\Program Files\Common Files, COMSPEC=C:\WINDOWS\system32\cmd.exe, NVM_HOME=C:\Users\Sebas\AppData\Roaming\nvm, PROCESSOR_REVISION=4e03, CLASSPATH=C:\Program Files\swipl\lib\jpl.jar;C:\Program Files\swipl\lib, WINDIR=C:\WINDOWS, HOMEPATH=\Users\Sebas, TEMP=C:\Users\Sebas\AppData\Local\Temp, HOMEDRIVE=C:, PROCESSOR_IDENTIFIER=Intel64 Family 6 Model 78 Stepping 3, GenuineIntel, USERPROFILE=C:\Users\Sebas, TMP=C:\Users\Sebas\AppData\Local\Temp, PUBLIC=C:\Users\Public, NUMBER_OF_PROCESSORS=4, =::=::\}}]
00:53:06.228 [main] DEBUG org.springframework.core.env.StandardEnvironment - Adding PropertySource 'test' with highest search precedence
00:53:06.238 [main] DEBUG org.springframework.core.env.MutablePropertySources - Adding PropertySource 'inline' with highest search precedence
00:53:06.245 [main] DEBUG org.springframework.test.context.support.TestPropertySourceUtils - Adding inlined properties to environment: {spring.jmx.enabled=false, org.springframework.boot.test.context.SpringBootTestContextBootstrapper=true, server.port=-1}
00:53:06.245 [main] DEBUG org.springframework.core.env.StandardEnvironment - Adding PropertySource 'Inlined Test Properties' with highest search precedence

  .   ____          _            __ _ _
 /\\ / ___'_ __ _ _(_)_ __  __ _ \ \ \ \
( ( )\___ | '_ | '_| | '_ \/ _` | \ \ \ \
 \\/  ___)| |_)| | | | | || (_| |  ) ) ) )
  '  |____| .__|_| |_|_| |_\__, | / / / /
 =========|_|==============|___/=/_/_/_/
 :: Spring Boot ::        (v1.5.8.RELEASE)

2018-04-12 00:53:06.773  INFO 6632 --- [           main] co.udea.regact.api.CursoServiceImpTest   : Starting CursoServiceImpTest on SEBAS-PC with PID 6632 (started by Sebas in C:\Users\Sebas\Documents\Development\WorkSpaces\registro_actividades_udea\registro_actividades_api\regact-api)
2018-04-12 00:53:06.774  INFO 6632 --- [           main] co.udea.regact.api.CursoServiceImpTest   : The following profiles are active: test
2018-04-12 00:53:06.825  INFO 6632 --- [           main] o.s.w.c.s.GenericWebApplicationContext   : Refreshing org.springframework.web.context.support.GenericWebApplicationContext@24569dba: startup date [Thu Apr 12 00:53:06 COT 2018]; root of context hierarchy
2018-04-12 00:53:08.781  INFO 6632 --- [           main] trationDelegate$BeanPostProcessorChecker : Bean 'org.springframework.transaction.annotation.ProxyTransactionManagementConfiguration' of type [org.springframework.transaction.annotation.ProxyTransactionManagementConfiguration$$EnhancerBySpringCGLIB$$dbdf4e9d] is not eligible for getting processed by all BeanPostProcessors (for example: not eligible for auto-proxying)
2018-04-12 00:53:09.515  INFO 6632 --- [           main] j.LocalContainerEntityManagerFactoryBean : Building JPA container EntityManagerFactory for persistence unit 'default'
2018-04-12 00:53:09.536  INFO 6632 --- [           main] o.hibernate.jpa.internal.util.LogHelper  : HHH000204: Processing PersistenceUnitInfo [
	name: default
	...]
2018-04-12 00:53:09.630  INFO 6632 --- [           main] org.hibernate.Version                    : HHH000412: Hibernate Core {5.0.12.Final}
2018-04-12 00:53:09.632  INFO 6632 --- [           main] org.hibernate.cfg.Environment            : HHH000206: hibernate.properties not found
2018-04-12 00:53:09.634  INFO 6632 --- [           main] org.hibernate.cfg.Environment            : HHH000021: Bytecode provider name : javassist
2018-04-12 00:53:09.681  INFO 6632 --- [           main] o.hibernate.annotations.common.Version   : HCANN000001: Hibernate Commons Annotations {5.0.1.Final}
2018-04-12 00:53:09.812  INFO 6632 --- [           main] org.hibernate.dialect.Dialect            : HHH000400: Using dialect: org.hibernate.dialect.H2Dialect
2018-04-12 00:53:10.559  INFO 6632 --- [           main] org.hibernate.tool.hbm2ddl.SchemaExport  : HHH000227: Running hbm2ddl schema export
Hibernate: drop table cursos if exists
Hibernate: create table cursos (codigo varchar(255) not null, nombre varchar(255), primary key (codigo))
2018-04-12 00:53:10.578  INFO 6632 --- [           main] org.hibernate.tool.hbm2ddl.SchemaExport  : HHH000230: Schema export complete
2018-04-12 00:53:10.615  INFO 6632 --- [           main] j.LocalContainerEntityManagerFactoryBean : Initialized JPA EntityManagerFactory for persistence unit 'default'
2018-04-12 00:53:11.523  INFO 6632 --- [           main] s.w.s.m.m.a.RequestMappingHandlerMapping : Mapped "{[/cursos/obtener],methods=[GET]}" onto public org.springframework.http.ResponseEntity<co.udea.regact.api.domain.Curso> co.udea.regact.api.controller.CursoController.getCurso(java.lang.String) throws co.udea.regact.api.exception.DataNotFoundException
2018-04-12 00:53:11.525  INFO 6632 --- [           main] s.w.s.m.m.a.RequestMappingHandlerMapping : Mapped "{[/cursos/listarcursos]}" onto public java.util.List<co.udea.regact.api.domain.Curso> co.udea.regact.api.controller.CursoController.getCursosActivos()
2018-04-12 00:53:11.528  INFO 6632 --- [           main] s.w.s.m.m.a.RequestMappingHandlerMapping : Mapped "{[/swagger-resources]}" onto public org.springframework.http.ResponseEntity<java.util.List<springfox.documentation.swagger.web.SwaggerResource>> springfox.documentation.swagger.web.ApiResourceController.swaggerResources()
2018-04-12 00:53:11.529  INFO 6632 --- [           main] s.w.s.m.m.a.RequestMappingHandlerMapping : Mapped "{[/swagger-resources/configuration/ui]}" onto public org.springframework.http.ResponseEntity<springfox.documentation.swagger.web.UiConfiguration> springfox.documentation.swagger.web.ApiResourceController.uiConfiguration()
2018-04-12 00:53:11.530  INFO 6632 --- [           main] s.w.s.m.m.a.RequestMappingHandlerMapping : Mapped "{[/swagger-resources/configuration/security]}" onto public org.springframework.http.ResponseEntity<springfox.documentation.swagger.web.SecurityConfiguration> springfox.documentation.swagger.web.ApiResourceController.securityConfiguration()
2018-04-12 00:53:11.537  INFO 6632 --- [           main] s.w.s.m.m.a.RequestMappingHandlerMapping : Mapped "{[/error]}" onto public org.springframework.http.ResponseEntity<java.util.Map<java.lang.String, java.lang.Object>> org.springframework.boot.autoconfigure.web.BasicErrorController.error(javax.servlet.http.HttpServletRequest)
2018-04-12 00:53:11.538  INFO 6632 --- [           main] s.w.s.m.m.a.RequestMappingHandlerMapping : Mapped "{[/error],produces=[text/html]}" onto public org.springframework.web.servlet.ModelAndView org.springframework.boot.autoconfigure.web.BasicErrorController.errorHtml(javax.servlet.http.HttpServletRequest,javax.servlet.http.HttpServletResponse)
2018-04-12 00:53:11.722  INFO 6632 --- [           main] pertySourcedRequestMappingHandlerMapping : Mapped URL path [/v2/api-docs] onto method [public org.springframework.http.ResponseEntity<springfox.documentation.spring.web.json.Json> springfox.documentation.swagger2.web.Swagger2Controller.getDocumentation(java.lang.String,javax.servlet.http.HttpServletRequest)]
2018-04-12 00:53:12.233  INFO 6632 --- [           main] s.w.s.m.m.a.RequestMappingHandlerAdapter : Looking for @ControllerAdvice: org.springframework.web.context.support.GenericWebApplicationContext@24569dba: startup date [Thu Apr 12 00:53:06 COT 2018]; root of context hierarchy
2018-04-12 00:53:12.294  INFO 6632 --- [           main] o.s.w.s.handler.SimpleUrlHandlerMapping  : Mapped URL path [/webjars/**] onto handler of type [class org.springframework.web.servlet.resource.ResourceHttpRequestHandler]
2018-04-12 00:53:12.295  INFO 6632 --- [           main] o.s.w.s.handler.SimpleUrlHandlerMapping  : Mapped URL path [/**] onto handler of type [class org.springframework.web.servlet.resource.ResourceHttpRequestHandler]
2018-04-12 00:53:12.344  INFO 6632 --- [           main] o.s.w.s.handler.SimpleUrlHandlerMapping  : Mapped URL path [/**/favicon.ico] onto handler of type [class org.springframework.web.servlet.resource.ResourceHttpRequestHandler]
2018-04-12 00:53:12.663  INFO 6632 --- [           main] o.s.c.support.DefaultLifecycleProcessor  : Starting beans in phase 2147483647
2018-04-12 00:53:12.663  INFO 6632 --- [           main] d.s.w.p.DocumentationPluginsBootstrapper : Context refreshed
2018-04-12 00:53:12.708  INFO 6632 --- [           main] d.s.w.p.DocumentationPluginsBootstrapper : Found 1 custom documentation plugin(s)
2018-04-12 00:53:12.750  INFO 6632 --- [           main] s.d.s.w.s.ApiListingReferenceScanner     : Scanning for api listing references
2018-04-12 00:53:13.032  INFO 6632 --- [           main] co.udea.regact.api.CursoServiceImpTest   : Started CursoServiceImpTest in 6.775 seconds (JVM running for 7.57)
2018-04-12 00:53:13.099  INFO 6632 --- [           main] o.h.h.i.QueryTranslatorFactoryInitiator  : HHH000397: Using ASTQueryTranslatorFactory
Hibernate: select curso0_.codigo as codigo1_0_, curso0_.nombre as nombre2_0_ from cursos curso0_ where curso0_.codigo=?
]]></system-out>
  </testcase>
</testsuite>